<?xml version="1.0" encoding="UTF-8"?>
<testng-results ignored="0" total="2" passed="2" failed="0" skipped="0">
  <reporter-output>
  </reporter-output>
  <suite started-at="2022-06-20T20:40:15 EDT" name="Suite" finished-at="2022-06-20T20:40:55 EDT" duration-ms="40337">
    <groups>
    </groups>
    <test started-at="2022-06-20T20:40:15 EDT" name="Test" finished-at="2022-06-20T20:40:55 EDT" duration-ms="40337">
      <class name="com.qa.testcases.HomePageTest">
        <test-method is-config="true" signature="setUp()[pri:0, instance:com.qa.testcases.HomePageTest@15bbf42f]" started-at="2022-06-20T20:40:15 EDT" name="setUp" finished-at="2022-06-20T20:40:33 EDT" duration-ms="18312" status="PASS">
          <reporter-output>
          </reporter-output>
        </test-method> <!-- setUp -->
        <test-method signature="verifyHomePageTitleTest()[pri:1, instance:com.qa.testcases.HomePageTest@15bbf42f]" started-at="2022-06-20T20:40:33 EDT" name="verifyHomePageTitleTest" finished-at="2022-06-20T20:40:33 EDT" duration-ms="26" status="PASS">
          <reporter-output>
          </reporter-output>
        </test-method> <!-- verifyHomePageTitleTest -->
        <test-method is-config="true" signature="tearDown()[pri:0, instance:com.qa.testcases.HomePageTest@15bbf42f]" started-at="2022-06-20T20:40:33 EDT" name="tearDown" finished-at="2022-06-20T20:40:34 EDT" duration-ms="257" status="PASS">
          <reporter-output>
          </reporter-output>
        </test-method> <!-- tearDown -->
        <test-method is-config="true" signature="setUp()[pri:0, instance:com.qa.testcases.HomePageTest@15bbf42f]" started-at="2022-06-20T20:40:34 EDT" name="setUp" finished-at="2022-06-20T20:40:51 EDT" duration-ms="16758" status="PASS">
          <reporter-output>
          </reporter-output>
        </test-method> <!-- setUp -->
        <test-method signature="freeTrailTest()[pri:2, instance:com.qa.testcases.HomePageTest@15bbf42f]" started-at="2022-06-20T20:40:51 EDT" name="freeTrailTest" finished-at="2022-06-20T20:40:55 EDT" duration-ms="4771" status="PASS">
          <reporter-output>
          </reporter-output>
        </test-method> <!-- freeTrailTest -->
        <test-method is-config="true" signature="tearDown()[pri:0, instance:com.qa.testcases.HomePageTest@15bbf42f]" started-at="2022-06-20T20:40:55 EDT" name="tearDown" finished-at="2022-06-20T20:40:55 EDT" duration-ms="148" status="PASS">
          <reporter-output>
          </reporter-output>
        </test-method> <!-- tearDown -->
      </class> <!-- com.qa.testcases.HomePageTest -->
    </test> <!-- Test -->
  </suite> <!-- Suite -->
</testng-results>
